Arguments: 
  /home/prince/.nvm/versions/node/v19.0.1/bin/node /home/prince/.yarn/bin/yarn.js init - y

PATH: 
  /home/prince/.yarn/bin:/home/prince/.config/yarn/global/node_modules/.bin:/home/prince/.yarn/bin:/home/prince/.config/yarn/global/node_modules/.bin:/home/prince/.nvm/versions/node/v19.0.1/bin:/home/prince/.cargo/bin:/home/prince/.local/bin:/home/prince/bin:/usr/local/sbin:/usr/local/bin:/usr/sbin:/usr/bin:/sbin:/bin:/usr/games:/usr/local/games:/snap/bin://home/prince/Documents/scraper://home/prince/Documents/scraper

Yarn version: 
  1.22.19

Node version: 
  19.0.1

Platform: 
  linux x64

Trace: 
  Error: canceled
      at Interface.<anonymous> (/home/prince/.yarn/lib/cli.js:137150:13)
      at Interface.emit (node:events:513:28)
      at [_ttyWrite] [as _ttyWrite] (node:internal/readline/interface:1125:18)
      at ReadStream.onkeypress (node:internal/readline/interface:274:20)
      at ReadStream.emit (node:events:513:28)
      at emitKeys (node:internal/readline/utils:357:14)
      at emitKeys.next (<anonymous>)
      at ReadStream.onData (node:internal/readline/emitKeypressEvents:64:36)
      at ReadStream.emit (node:events:513:28)
      at addChunk (node:internal/streams/readable:324:12)

npm manifest: 
  No manifest

yarn manifest: 
  No manifest

Lockfile: 
  No lockfile
